{"/home/jomondo/vue.js/vue/src/App.vue": {"path":"/home/jomondo/vue.js/vue/src/App.vue","statementMap":{"0":{"start":{"line":10,"column":0},"end":{"line":null,"column":-1}},"1":{"start":{"line":11,"column":0},"end":{"line":null,"column":-1}}},"fnMap":{},"branchMap":{},"s":{"0":0,"1":0},"f":{},"b":{}}
,"/home/jomondo/vue.js/vue/src/registerServiceWorker.js": {"path":"/home/jomondo/vue.js/vue/src/registerServiceWorker.js","statementMap":{"0":{"start":{"line":3,"column":0},"end":{"line":null,"column":-1}},"1":{"start":{"line":5,"column":0},"end":{"line":28,"column":1}},"2":{"start":{"line":6,"column":2},"end":{"line":null,"column":-1}},"3":{"start":{"line":8,"column":6},"end":{"line":null,"column":-1}},"4":{"start":{"line":14,"column":6},"end":{"line":null,"column":-1}},"5":{"start":{"line":17,"column":6},"end":{"line":null,"column":-1}},"6":{"start":{"line":20,"column":6},"end":{"line":null,"column":-1}},"7":{"start":{"line":25,"column":6},"end":{"line":null,"column":-1}}},"fnMap":{},"branchMap":{"0":{"loc":{"start":{"line":5,"column":0},"end":{"line":28,"column":1}},"type":"if","locations":[{"start":{"line":5,"column":0},"end":{"line":28,"column":1}},{"start":{"line":5,"column":0},"end":{"line":28,"column":1}}]}},"s":{"0":0,"1":0,"2":0,"3":0,"4":0,"5":0,"6":0,"7":0},"f":{},"b":{"0":[0,0]}}
,"/home/jomondo/vue.js/vue/src/common/api.service.js": {"path":"/home/jomondo/vue.js/vue/src/common/api.service.js","statementMap":{"0":{"start":{"line":7,"column":19},"end":{"line":49,"column":1}},"1":{"start":{"line":9,"column":4},"end":{"line":9,"column":29}},"2":{"start":{"line":10,"column":4},"end":{"line":10,"column":41}},"3":{"start":{"line":14,"column":4},"end":{"line":16,"column":41}},"4":{"start":{"line":20,"column":4},"end":{"line":22,"column":7}},"5":{"start":{"line":21,"column":6},"end":{"line":21,"column":51}},"6":{"start":{"line":26,"column":4},"end":{"line":28,"column":7}},"7":{"start":{"line":27,"column":6},"end":{"line":27,"column":51}},"8":{"start":{"line":32,"column":4},"end":{"line":32,"column":42}},"9":{"start":{"line":33,"column":4},"end":{"line":33,"column":49}},"10":{"start":{"line":37,"column":4},"end":{"line":37,"column":56}},"11":{"start":{"line":41,"column":4},"end":{"line":41,"column":48}},"12":{"start":{"line":45,"column":4},"end":{"line":47,"column":7}},"13":{"start":{"line":46,"column":6},"end":{"line":46,"column":51}},"14":{"start":{"line":53,"column":27},"end":{"line":57,"column":1}},"15":{"start":{"line":55,"column":4},"end":{"line":55,"column":34}},"16":{"start":{"line":59,"column":31},"end":{"line":77,"column":1}},"17":{"start":{"line":61,"column":4},"end":{"line":63,"column":7}},"18":{"start":{"line":66,"column":4},"end":{"line":66,"column":44}},"19":{"start":{"line":69,"column":4},"end":{"line":69,"column":60}},"20":{"start":{"line":72,"column":4},"end":{"line":72,"column":68}},"21":{"start":{"line":75,"column":4},"end":{"line":75,"column":49}},"22":{"start":{"line":79,"column":30},"end":{"line":83,"column":1}},"23":{"start":{"line":81,"column":4},"end":{"line":81,"column":57}},"24":{"start":{"line":85,"column":28},"end":{"line":98,"column":1}},"25":{"start":{"line":87,"column":4},"end":{"line":87,"column":37}},"26":{"start":{"line":90,"column":4},"end":{"line":90,"column":55}},"27":{"start":{"line":93,"column":4},"end":{"line":93,"column":60}},"28":{"start":{"line":96,"column":4},"end":{"line":96,"column":56}},"29":{"start":{"line":100,"column":33},"end":{"line":104,"column":1}},"30":{"start":{"line":102,"column":4},"end":{"line":102,"column":40}},"31":{"start":{"line":106,"column":31},"end":{"line":125,"column":1}},"32":{"start":{"line":108,"column":4},"end":{"line":112,"column":5}},"33":{"start":{"line":109,"column":6},"end":{"line":111,"column":8}},"34":{"start":{"line":113,"column":4},"end":{"line":113,"column":58}},"35":{"start":{"line":117,"column":4},"end":{"line":119,"column":7}},"36":{"start":{"line":123,"column":4},"end":{"line":123,"column":71}},"37":{"start":{"line":127,"column":31},"end":{"line":134,"column":1}},"38":{"start":{"line":129,"column":4},"end":{"line":129,"column":56}},"39":{"start":{"line":132,"column":4},"end":{"line":132,"column":58}}},"fnMap":{"0":{"name":"(anonymous_0)","decl":{"start":{"line":20,"column":49},"end":{"line":20,"column":50}},"loc":{"start":{"line":20,"column":58},"end":{"line":22,"column":5}},"line":20},"1":{"name":"(anonymous_1)","decl":{"start":{"line":26,"column":54},"end":{"line":26,"column":55}},"loc":{"start":{"line":26,"column":63},"end":{"line":28,"column":5}},"line":26},"2":{"name":"(anonymous_2)","decl":{"start":{"line":45,"column":44},"end":{"line":45,"column":45}},"loc":{"start":{"line":45,"column":53},"end":{"line":47,"column":5}},"line":45}},"branchMap":{"0":{"loc":{"start":{"line":25,"column":16},"end":{"line":25,"column":25}},"type":"default-arg","locations":[{"start":{"line":25,"column":23},"end":{"line":25,"column":25}}],"line":25},"1":{"loc":{"start":{"line":61,"column":42},"end":{"line":61,"column":72}},"type":"cond-expr","locations":[{"start":{"line":61,"column":60},"end":{"line":61,"column":67}},{"start":{"line":61,"column":70},"end":{"line":61,"column":72}}],"line":61},"2":{"loc":{"start":{"line":108,"column":4},"end":{"line":112,"column":5}},"type":"if","locations":[{"start":{"line":108,"column":4},"end":{"line":112,"column":5}},{"start":{"line":108,"column":4},"end":{"line":112,"column":5}}],"line":108}},"s":{"0":1,"1":0,"2":0,"3":0,"4":0,"5":0,"6":4,"7":0,"8":3,"9":3,"10":0,"11":0,"12":3,"13":0,"14":1,"15":0,"16":1,"17":0,"18":1,"19":0,"20":0,"21":0,"22":1,"23":0,"24":1,"25":0,"26":0,"27":0,"28":0,"29":1,"30":0,"31":1,"32":3,"33":0,"34":3,"35":1,"36":1,"37":1,"38":2,"39":2},"f":{"0":0,"1":0,"2":0},"b":{"0":[0],"1":[0,0],"2":[0,3]},"_coverageSchema":"332fd63041d2c1bcb487cc26dd0d5f7d97098a6c","hash":"bf40560af4cf7f46dbd7e7cec9399e158c0ca2e9"}
,"/home/jomondo/vue.js/vue/src/common/config.js": {"path":"/home/jomondo/vue.js/vue/src/common/config.js","statementMap":{"0":{"start":{"line":2,"column":23},"end":{"line":2,"column":66}}},"fnMap":{},"branchMap":{},"s":{"0":1},"f":{},"b":{},"_coverageSchema":"332fd63041d2c1bcb487cc26dd0d5f7d97098a6c","hash":"1cf9d6a2ca43f002bfa91ab5bb191804682bdf65"}
,"/home/jomondo/vue.js/vue/src/common/date.filter.js": {"path":"/home/jomondo/vue.js/vue/src/common/date.filter.js","statementMap":{"0":{"start":{"line":4,"column":2},"end":{"line":4,"column":48}}},"fnMap":{"0":{"name":"(anonymous_0)","decl":{"start":{"line":3,"column":15},"end":{"line":3,"column":16}},"loc":{"start":{"line":3,"column":23},"end":{"line":5,"column":1}},"line":3}},"branchMap":{},"s":{"0":1},"f":{"0":1},"b":{},"_coverageSchema":"332fd63041d2c1bcb487cc26dd0d5f7d97098a6c","hash":"d719322071677445ffffa78b72799ed6f9f98116"}
,"/home/jomondo/vue.js/vue/src/common/error.filter.js": {"path":"/home/jomondo/vue.js/vue/src/common/error.filter.js","statementMap":{"0":{"start":{"line":2,"column":2},"end":{"line":null,"column":-1}}},"fnMap":{},"branchMap":{},"s":{"0":0},"f":{},"b":{}}
,"/home/jomondo/vue.js/vue/src/common/jwt.service.js": {"path":"/home/jomondo/vue.js/vue/src/common/jwt.service.js","statementMap":{"0":{"start":{"line":1,"column":21},"end":{"line":1,"column":31}},"1":{"start":{"line":3,"column":24},"end":{"line":5,"column":1}},"2":{"start":{"line":4,"column":2},"end":{"line":4,"column":51}},"3":{"start":{"line":7,"column":25},"end":{"line":9,"column":1}},"4":{"start":{"line":8,"column":2},"end":{"line":8,"column":51}},"5":{"start":{"line":11,"column":28},"end":{"line":13,"column":1}},"6":{"start":{"line":12,"column":2},"end":{"line":12,"column":47}}},"fnMap":{"0":{"name":"(anonymous_0)","decl":{"start":{"line":3,"column":24},"end":{"line":3,"column":25}},"loc":{"start":{"line":3,"column":30},"end":{"line":5,"column":1}},"line":3},"1":{"name":"(anonymous_1)","decl":{"start":{"line":7,"column":25},"end":{"line":7,"column":26}},"loc":{"start":{"line":7,"column":34},"end":{"line":9,"column":1}},"line":7},"2":{"name":"(anonymous_2)","decl":{"start":{"line":11,"column":28},"end":{"line":11,"column":29}},"loc":{"start":{"line":11,"column":34},"end":{"line":13,"column":1}},"line":11}},"branchMap":{},"s":{"0":1,"1":1,"2":0,"3":1,"4":0,"5":1,"6":0},"f":{"0":0,"1":0,"2":0},"b":{},"_coverageSchema":"332fd63041d2c1bcb487cc26dd0d5f7d97098a6c","hash":"7c532aa965515ac16d71510300c6e7840ecb477b"}
,"/home/jomondo/vue.js/vue/src/components/ArticleActions.vue": {"path":"/home/jomondo/vue.js/vue/src/components/ArticleActions.vue","statementMap":{"0":{"start":{"line":43,"column":0},"end":{"line":null,"column":-1}},"1":{"start":{"line":44,"column":0},"end":{"line":null,"column":-1}},"2":{"start":{"line":63,"column":0},"end":{"line":66,"column":0}},"3":{"start":{"line":64,"column":0},"end":{"line":null,"column":-1}},"4":{"start":{"line":65,"column":0},"end":{"line":null,"column":-1}},"5":{"start":{"line":67,"column":0},"end":{"line":null,"column":-1}},"6":{"start":{"line":68,"column":0},"end":{"line":null,"column":-1}},"7":{"start":{"line":71,"column":0},"end":{"line":74,"column":0}},"8":{"start":{"line":72,"column":0},"end":{"line":null,"column":-1}},"9":{"start":{"line":73,"column":0},"end":{"line":null,"column":-1}},"10":{"start":{"line":75,"column":0},"end":{"line":null,"column":-1}},"11":{"start":{"line":78,"column":0},"end":{"line":null,"column":-1}},"12":{"start":{"line":83,"column":0},"end":{"line":88,"column":0}},"13":{"start":{"line":84,"column":0},"end":{"line":null,"column":-1}},"14":{"start":{"line":85,"column":0},"end":{"line":null,"column":-1}},"15":{"start":{"line":87,"column":0},"end":{"line":null,"column":-1}}},"fnMap":{},"branchMap":{"0":{"loc":{"start":{"line":63,"column":0},"end":{"line":66,"column":0}},"type":"if","locations":[{"start":{"line":63,"column":0},"end":{"line":66,"column":0}},{"start":{"line":63,"column":0},"end":{"line":66,"column":0}}]},"1":{"loc":{"start":{"line":67,"column":0},"end":{"line":null,"column":-1}},"type":"cond-expr","locations":[{"start":{"line":67,"column":0},"end":{"line":null,"column":-1}},{"start":{"line":67,"column":0},"end":{"line":null,"column":-1}}]},"2":{"loc":{"start":{"line":71,"column":0},"end":{"line":74,"column":0}},"type":"if","locations":[{"start":{"line":71,"column":0},"end":{"line":74,"column":0}},{"start":{"line":71,"column":0},"end":{"line":74,"column":0}}]},"3":{"loc":{"start":{"line":75,"column":0},"end":{"line":null,"column":-1}},"type":"cond-expr","locations":[{"start":{"line":75,"column":0},"end":{"line":null,"column":-1}},{"start":{"line":75,"column":0},"end":{"line":null,"column":-1}}]}},"s":{"0":0,"1":0,"2":0,"3":0,"4":0,"5":0,"6":0,"7":0,"8":0,"9":0,"10":0,"11":0,"12":0,"13":0,"14":0,"15":0},"f":{},"b":{"0":[0,0],"1":[0,0],"2":[0,0],"3":[0,0]}}
,"/home/jomondo/vue.js/vue/src/components/ArticleList.vue": {"path":"/home/jomondo/vue.js/vue/src/components/ArticleList.vue","statementMap":{"0":{"start":{"line":19,"column":0},"end":{"line":null,"column":-1}},"1":{"start":{"line":20,"column":0},"end":{"line":null,"column":-1}},"2":{"start":{"line":21,"column":0},"end":{"line":null,"column":-1}},"3":{"start":{"line":22,"column":0},"end":{"line":null,"column":-1}},"4":{"start":{"line":55,"column":0},"end":{"line":null,"column":-1}},"5":{"start":{"line":61,"column":0},"end":{"line":null,"column":-1}},"6":{"start":{"line":62,"column":0},"end":{"line":null,"column":-1}},"7":{"start":{"line":66,"column":0},"end":{"line":68,"column":0}},"8":{"start":{"line":67,"column":0},"end":{"line":null,"column":-1}},"9":{"start":{"line":69,"column":0},"end":{"line":71,"column":0}},"10":{"start":{"line":70,"column":0},"end":{"line":null,"column":-1}},"11":{"start":{"line":72,"column":0},"end":{"line":74,"column":0}},"12":{"start":{"line":73,"column":0},"end":{"line":null,"column":-1}},"13":{"start":{"line":75,"column":0},"end":{"line":null,"column":-1}},"14":{"start":{"line":81,"column":0},"end":{"line":83,"column":0}},"15":{"start":{"line":82,"column":0},"end":{"line":null,"column":-1}},"16":{"start":{"line":84,"column":0},"end":{"line":null,"column":-1}},"17":{"start":{"line":92,"column":0},"end":{"line":null,"column":-1}},"18":{"start":{"line":93,"column":0},"end":{"line":null,"column":-1}},"19":{"start":{"line":96,"column":0},"end":{"line":null,"column":-1}},"20":{"start":{"line":97,"column":0},"end":{"line":null,"column":-1}},"21":{"start":{"line":100,"column":0},"end":{"line":null,"column":-1}},"22":{"start":{"line":101,"column":0},"end":{"line":null,"column":-1}},"23":{"start":{"line":104,"column":0},"end":{"line":null,"column":-1}},"24":{"start":{"line":105,"column":0},"end":{"line":null,"column":-1}},"25":{"start":{"line":108,"column":0},"end":{"line":null,"column":-1}},"26":{"start":{"line":109,"column":0},"end":{"line":null,"column":-1}},"27":{"start":{"line":113,"column":0},"end":{"line":null,"column":-1}},"28":{"start":{"line":117,"column":0},"end":{"line":null,"column":-1}},"29":{"start":{"line":120,"column":0},"end":{"line":null,"column":-1}},"30":{"start":{"line":121,"column":0},"end":{"line":null,"column":-1}}},"fnMap":{"0":{"name":"(anonymous_1)","decl":{"start":{"line":84,"column":0},"end":{"line":null,"column":-1}},"loc":{"start":{"line":84,"column":0},"end":{"line":null,"column":-1}}}},"branchMap":{"0":{"loc":{"start":{"line":66,"column":0},"end":{"line":68,"column":0}},"type":"if","locations":[{"start":{"line":66,"column":0},"end":{"line":68,"column":0}},{"start":{"line":66,"column":0},"end":{"line":68,"column":0}}]},"1":{"loc":{"start":{"line":69,"column":0},"end":{"line":71,"column":0}},"type":"if","locations":[{"start":{"line":69,"column":0},"end":{"line":71,"column":0}},{"start":{"line":69,"column":0},"end":{"line":71,"column":0}}]},"2":{"loc":{"start":{"line":72,"column":0},"end":{"line":74,"column":0}},"type":"if","locations":[{"start":{"line":72,"column":0},"end":{"line":74,"column":0}},{"start":{"line":72,"column":0},"end":{"line":74,"column":0}}]},"3":{"loc":{"start":{"line":81,"column":0},"end":{"line":83,"column":0}},"type":"if","locations":[{"start":{"line":81,"column":0},"end":{"line":83,"column":0}},{"start":{"line":81,"column":0},"end":{"line":83,"column":0}}]},"4":{"loc":{"start":{"line":81,"column":0},"end":{"line":null,"column":-1}},"type":"binary-expr","locations":[{"start":{"line":81,"column":0},"end":{"line":null,"column":-1}},{"start":{"line":81,"column":0},"end":{"line":null,"column":-1}}]}},"s":{"0":0,"1":0,"2":0,"3":0,"4":0,"5":0,"6":0,"7":0,"8":0,"9":0,"10":0,"11":0,"12":0,"13":0,"14":0,"15":0,"16":0,"17":0,"18":0,"19":0,"20":0,"21":0,"22":0,"23":0,"24":0,"25":0,"26":0,"27":0,"28":0,"29":0,"30":0},"f":{"0":0},"b":{"0":[0,0],"1":[0,0],"2":[0,0],"3":[0,0],"4":[0,0]}}
,"/home/jomondo/vue.js/vue/src/components/ArticleMeta.vue": {"path":"/home/jomondo/vue.js/vue/src/components/ArticleMeta.vue","statementMap":{"0":{"start":{"line":41,"column":0},"end":{"line":null,"column":-1}},"1":{"start":{"line":42,"column":0},"end":{"line":null,"column":-1}},"2":{"start":{"line":43,"column":0},"end":{"line":null,"column":-1}},"3":{"start":{"line":66,"column":0},"end":{"line":68,"column":0}},"4":{"start":{"line":67,"column":0},"end":{"line":null,"column":-1}},"5":{"start":{"line":69,"column":0},"end":{"line":null,"column":-1}},"6":{"start":{"line":72,"column":0},"end":{"line":75,"column":0}},"7":{"start":{"line":73,"column":0},"end":{"line":null,"column":-1}},"8":{"start":{"line":74,"column":0},"end":{"line":null,"column":-1}},"9":{"start":{"line":76,"column":0},"end":{"line":null,"column":-1}},"10":{"start":{"line":77,"column":0},"end":{"line":null,"column":-1}}},"fnMap":{},"branchMap":{"0":{"loc":{"start":{"line":66,"column":0},"end":{"line":68,"column":0}},"type":"if","locations":[{"start":{"line":66,"column":0},"end":{"line":68,"column":0}},{"start":{"line":66,"column":0},"end":{"line":68,"column":0}}]},"1":{"loc":{"start":{"line":66,"column":0},"end":{"line":null,"column":-1}},"type":"binary-expr","locations":[{"start":{"line":66,"column":0},"end":{"line":null,"column":-1}},{"start":{"line":66,"column":0},"end":{"line":null,"column":-1}}]},"2":{"loc":{"start":{"line":72,"column":0},"end":{"line":75,"column":0}},"type":"if","locations":[{"start":{"line":72,"column":0},"end":{"line":75,"column":0}},{"start":{"line":72,"column":0},"end":{"line":75,"column":0}}]},"3":{"loc":{"start":{"line":76,"column":0},"end":{"line":null,"column":-1}},"type":"cond-expr","locations":[{"start":{"line":76,"column":0},"end":{"line":null,"column":-1}},{"start":{"line":76,"column":0},"end":{"line":null,"column":-1}}]}},"s":{"0":0,"1":0,"2":0,"3":0,"4":0,"5":0,"6":0,"7":0,"8":0,"9":0,"10":0},"f":{},"b":{"0":[0,0],"1":[0,0],"2":[0,0],"3":[0,0]}}
,"/home/jomondo/vue.js/vue/src/components/Comment.vue": {"path":"/home/jomondo/vue.js/vue/src/components/Comment.vue","statementMap":{"0":{"start":{"line":25,"column":0},"end":{"line":null,"column":-1}},"1":{"start":{"line":26,"column":0},"end":{"line":null,"column":-1}},"2":{"start":{"line":36,"column":0},"end":{"line":38,"column":0}},"3":{"start":{"line":37,"column":0},"end":{"line":null,"column":-1}},"4":{"start":{"line":39,"column":0},"end":{"line":null,"column":-1}},"5":{"start":{"line":45,"column":0},"end":{"line":null,"column":-1}}},"fnMap":{},"branchMap":{"0":{"loc":{"start":{"line":36,"column":0},"end":{"line":38,"column":0}},"type":"if","locations":[{"start":{"line":36,"column":0},"end":{"line":38,"column":0}},{"start":{"line":36,"column":0},"end":{"line":38,"column":0}}]},"1":{"loc":{"start":{"line":36,"column":0},"end":{"line":null,"column":-1}},"type":"binary-expr","locations":[{"start":{"line":36,"column":0},"end":{"line":null,"column":-1}},{"start":{"line":36,"column":0},"end":{"line":null,"column":-1}}]}},"s":{"0":1,"1":1,"2":1,"3":1,"4":0,"5":0},"f":{},"b":{"0":[1,0],"1":[1,1]}}
,"/home/jomondo/vue.js/vue/src/components/CommentEditor.vue": {"path":"/home/jomondo/vue.js/vue/src/components/CommentEditor.vue","statementMap":{"0":{"start":{"line":26,"column":0},"end":{"line":null,"column":-1}},"1":{"start":{"line":27,"column":0},"end":{"line":null,"column":-1}},"2":{"start":{"line":38,"column":0},"end":{"line":null,"column":-1}},"3":{"start":{"line":45,"column":0},"end":{"line":53,"column":0}},"4":{"start":{"line":48,"column":0},"end":{"line":null,"column":-1}},"5":{"start":{"line":49,"column":0},"end":{"line":null,"column":-1}},"6":{"start":{"line":52,"column":0},"end":{"line":null,"column":-1}}},"fnMap":{"0":{"name":"(anonymous_1)","decl":{"start":{"line":46,"column":0},"end":{"line":null,"column":-1}},"loc":{"start":{"line":46,"column":0},"end":{"line":50,"column":0}}},"1":{"name":"(anonymous_2)","decl":{"start":{"line":50,"column":0},"end":{"line":null,"column":-1}},"loc":{"start":{"line":51,"column":0},"end":{"line":53,"column":0}}}},"branchMap":{"0":{"loc":{"start":{"line":39,"column":0},"end":{"line":null,"column":-1}},"type":"binary-expr","locations":[{"start":{"line":39,"column":0},"end":{"line":null,"column":-1}},{"start":{"line":39,"column":0},"end":{"line":null,"column":-1}}]}},"s":{"0":0,"1":0,"2":0,"3":0,"4":0,"5":0,"6":0},"f":{"0":0,"1":0},"b":{"0":[0,0]}}
,"/home/jomondo/vue.js/vue/src/components/ItemDetail.vue": {"path":"/home/jomondo/vue.js/vue/src/components/ItemDetail.vue","statementMap":{"0":{"start":{"line":57,"column":0},"end":{"line":null,"column":-1}},"1":{"start":{"line":58,"column":0},"end":{"line":null,"column":-1}},"2":{"start":{"line":63,"column":0},"end":{"line":null,"column":-1}},"3":{"start":{"line":64,"column":0},"end":{"line":null,"column":-1}}},"fnMap":{},"branchMap":{},"s":{"0":0,"1":0,"2":0,"3":0},"f":{},"b":{}}
,"/home/jomondo/vue.js/vue/src/components/ItemList.vue": {"path":"/home/jomondo/vue.js/vue/src/components/ItemList.vue","statementMap":{"0":{"start":{"line":55,"column":0},"end":{"line":null,"column":-1}},"1":{"start":{"line":56,"column":0},"end":{"line":null,"column":-1}},"2":{"start":{"line":57,"column":0},"end":{"line":null,"column":-1}},"3":{"start":{"line":62,"column":0},"end":{"line":null,"column":-1}},"4":{"start":{"line":66,"column":0},"end":{"line":null,"column":-1}},"5":{"start":{"line":84,"column":0},"end":{"line":null,"column":-1}},"6":{"start":{"line":93,"column":0},"end":{"line":null,"column":-1}},"7":{"start":{"line":94,"column":0},"end":{"line":null,"column":-1}},"8":{"start":{"line":97,"column":0},"end":{"line":null,"column":-1}},"9":{"start":{"line":101,"column":0},"end":{"line":null,"column":-1}},"10":{"start":{"line":108,"column":0},"end":{"line":null,"column":-1}},"11":{"start":{"line":109,"column":0},"end":{"line":null,"column":-1}},"12":{"start":{"line":111,"column":0},"end":{"line":null,"column":-1}},"13":{"start":{"line":119,"column":0},"end":{"line":null,"column":-1}},"14":{"start":{"line":120,"column":0},"end":{"line":null,"column":-1}},"15":{"start":{"line":121,"column":0},"end":{"line":null,"column":-1}},"16":{"start":{"line":126,"column":0},"end":{"line":null,"column":-1}},"17":{"start":{"line":132,"column":0},"end":{"line":null,"column":-1}},"18":{"start":{"line":138,"column":0},"end":{"line":null,"column":-1}},"19":{"start":{"line":141,"column":0},"end":{"line":null,"column":-1}},"20":{"start":{"line":144,"column":0},"end":{"line":null,"column":-1}},"21":{"start":{"line":147,"column":0},"end":{"line":null,"column":-1}},"22":{"start":{"line":148,"column":0},"end":{"line":null,"column":-1}}},"fnMap":{"0":{"name":"(anonymous_1)","decl":{"start":{"line":111,"column":0},"end":{"line":null,"column":-1}},"loc":{"start":{"line":111,"column":0},"end":{"line":null,"column":-1}}}},"branchMap":{"0":{"loc":{"start":{"line":109,"column":0},"end":{"line":null,"column":-1}},"type":"if","locations":[{"start":{"line":109,"column":0},"end":{"line":null,"column":-1}},{"start":{"line":109,"column":0},"end":{"line":null,"column":-1}}]}},"s":{"0":1,"1":1,"2":1,"3":0,"4":0,"5":0,"6":0,"7":0,"8":0,"9":0,"10":0,"11":0,"12":0,"13":0,"14":0,"15":0,"16":0,"17":0,"18":0,"19":0,"20":0,"21":0,"22":0},"f":{"0":0},"b":{"0":[0,0]}}
,"/home/jomondo/vue.js/vue/src/components/TheHeader.vue": {"path":"/home/jomondo/vue.js/vue/src/components/TheHeader.vue","statementMap":{"0":{"start":{"line":100,"column":0},"end":{"line":null,"column":-1}}},"fnMap":{},"branchMap":{},"s":{"0":0},"f":{},"b":{}}
,"/home/jomondo/vue.js/vue/src/components/VArticlePreview.vue": {"path":"/home/jomondo/vue.js/vue/src/components/VArticlePreview.vue","statementMap":{"0":{"start":{"line":14,"column":0},"end":{"line":null,"column":-1}},"1":{"start":{"line":15,"column":0},"end":{"line":null,"column":-1}},"2":{"start":{"line":28,"column":0},"end":{"line":null,"column":-1}}},"fnMap":{},"branchMap":{},"s":{"0":0,"1":0,"2":0},"f":{},"b":{}}
,"/home/jomondo/vue.js/vue/src/components/VPagination.vue": {"path":"/home/jomondo/vue.js/vue/src/components/VPagination.vue","statementMap":{"0":{"start":{"line":32,"column":0},"end":{"line":null,"column":-1}},"1":{"start":{"line":33,"column":0},"end":{"line":null,"column":-1}},"2":{"start":{"line":36,"column":0},"end":{"line":null,"column":-1}}},"fnMap":{},"branchMap":{"0":{"loc":{"start":{"line":32,"column":0},"end":{"line":null,"column":-1}},"type":"if","locations":[{"start":{"line":32,"column":0},"end":{"line":null,"column":-1}},{"start":{"line":32,"column":0},"end":{"line":null,"column":-1}}]}},"s":{"0":2,"1":2,"2":12},"f":{},"b":{"0":[0,2]}}
,"/home/jomondo/vue.js/vue/src/router/index.js": {"path":"/home/jomondo/vue.js/vue/src/router/index.js","statementMap":{"0":{"start":{"line":1,"column":0},"end":{"line":null,"column":-1}},"1":{"start":{"line":2,"column":0},"end":{"line":null,"column":-1}},"2":{"start":{"line":4,"column":0},"end":{"line":null,"column":-1}},"3":{"start":{"line":10,"column":17},"end":{"line":8,"column":4}},"4":{"start":{"line":10,"column":17},"end":{"line":8,"column":3}},"5":{"start":{"line":15,"column":21},"end":{"line":null,"column":-1}},"6":{"start":{"line":20,"column":21},"end":{"line":null,"column":-1}},"7":{"start":{"line":25,"column":21},"end":{"line":null,"column":-1}},"8":{"start":{"line":32,"column":17},"end":{"line":null,"column":-1}},"9":{"start":{"line":37,"column":17},"end":{"line":null,"column":-1}},"10":{"start":{"line":42,"column":17},"end":{"line":null,"column":-1}},"11":{"start":{"line":47,"column":17},"end":{"line":null,"column":-1}},"12":{"start":{"line":51,"column":17},"end":{"line":49,"column":4}},"13":{"start":{"line":51,"column":17},"end":{"line":49,"column":3}},"14":{"start":{"line":61,"column":17},"end":{"line":59,"column":4}},"15":{"start":{"line":61,"column":17},"end":{"line":59,"column":3}},"16":{"start":{"line":74,"column":17},"end":{"line":72,"column":4}},"17":{"start":{"line":74,"column":17},"end":{"line":72,"column":3}},"18":{"start":{"line":79,"column":21},"end":{"line":null,"column":-1}},"19":{"start":{"line":84,"column":21},"end":{"line":null,"column":-1}},"20":{"start":{"line":91,"column":17},"end":{"line":88,"column":4}},"21":{"start":{"line":91,"column":17},"end":{"line":88,"column":3}},"22":{"start":{"line":98,"column":17},"end":{"line":null,"column":-1}}},"fnMap":{"0":{"name":"(anonymous_0)","decl":{"start":{"line":10,"column":17},"end":{"line":10,"column":29}},"loc":{"start":{"line":10,"column":17},"end":{"line":8,"column":4}}},"1":{"name":"(anonymous_2)","decl":{"start":{"line":15,"column":21},"end":{"line":15,"column":33}},"loc":{"start":{"line":15,"column":21},"end":{"line":null,"column":-1}}},"2":{"name":"(anonymous_4)","decl":{"start":{"line":20,"column":21},"end":{"line":20,"column":33}},"loc":{"start":{"line":20,"column":21},"end":{"line":null,"column":-1}}},"3":{"name":"(anonymous_6)","decl":{"start":{"line":25,"column":21},"end":{"line":25,"column":33}},"loc":{"start":{"line":25,"column":21},"end":{"line":null,"column":-1}}},"4":{"name":"(anonymous_8)","decl":{"start":{"line":32,"column":17},"end":{"line":32,"column":29}},"loc":{"start":{"line":32,"column":17},"end":{"line":null,"column":-1}}},"5":{"name":"(anonymous_10)","decl":{"start":{"line":37,"column":17},"end":{"line":37,"column":29}},"loc":{"start":{"line":37,"column":17},"end":{"line":null,"column":-1}}},"6":{"name":"(anonymous_12)","decl":{"start":{"line":42,"column":17},"end":{"line":42,"column":29}},"loc":{"start":{"line":42,"column":17},"end":{"line":null,"column":-1}}},"7":{"name":"(anonymous_14)","decl":{"start":{"line":47,"column":17},"end":{"line":47,"column":29}},"loc":{"start":{"line":47,"column":17},"end":{"line":null,"column":-1}}},"8":{"name":"(anonymous_16)","decl":{"start":{"line":51,"column":17},"end":{"line":51,"column":29}},"loc":{"start":{"line":51,"column":17},"end":{"line":49,"column":4}}},"9":{"name":"(anonymous_18)","decl":{"start":{"line":61,"column":17},"end":{"line":61,"column":29}},"loc":{"start":{"line":61,"column":17},"end":{"line":59,"column":4}}},"10":{"name":"(anonymous_20)","decl":{"start":{"line":74,"column":17},"end":{"line":74,"column":29}},"loc":{"start":{"line":74,"column":17},"end":{"line":72,"column":4}}},"11":{"name":"(anonymous_22)","decl":{"start":{"line":79,"column":21},"end":{"line":79,"column":33}},"loc":{"start":{"line":79,"column":21},"end":{"line":null,"column":-1}}},"12":{"name":"(anonymous_24)","decl":{"start":{"line":84,"column":21},"end":{"line":84,"column":33}},"loc":{"start":{"line":84,"column":21},"end":{"line":null,"column":-1}}},"13":{"name":"(anonymous_26)","decl":{"start":{"line":91,"column":17},"end":{"line":91,"column":29}},"loc":{"start":{"line":91,"column":17},"end":{"line":88,"column":4}}},"14":{"name":"(anonymous_28)","decl":{"start":{"line":98,"column":17},"end":{"line":98,"column":29}},"loc":{"start":{"line":98,"column":17},"end":{"line":null,"column":-1}}}},"branchMap":{},"s":{"0":0,"1":0,"2":0,"3":0,"4":0,"5":0,"6":0,"7":0,"8":0,"9":0,"10":0,"11":0,"12":0,"13":0,"14":0,"15":0,"16":0,"17":0,"18":0,"19":0,"20":0,"21":0,"22":0},"f":{"0":0,"1":0,"2":0,"3":0,"4":0,"5":0,"6":0,"7":0,"8":0,"9":0,"10":0,"11":0,"12":0,"13":0,"14":0},"b":{}}
,"/home/jomondo/vue.js/vue/src/store/actions.type.js": {"path":"/home/jomondo/vue.js/vue/src/store/actions.type.js","statementMap":{"0":{"start":{"line":1,"column":31},"end":{"line":1,"column":47}},"1":{"start":{"line":2,"column":30},"end":{"line":2,"column":45}},"2":{"start":{"line":3,"column":28},"end":{"line":3,"column":41}},"3":{"start":{"line":4,"column":36},"end":{"line":4,"column":53}},"4":{"start":{"line":5,"column":39},"end":{"line":5,"column":61}},"5":{"start":{"line":6,"column":35},"end":{"line":6,"column":54}},"6":{"start":{"line":7,"column":26},"end":{"line":7,"column":37}},"7":{"start":{"line":8,"column":30},"end":{"line":8,"column":45}},"8":{"start":{"line":9,"column":31},"end":{"line":9,"column":47}},"9":{"start":{"line":10,"column":28},"end":{"line":10,"column":41}},"10":{"start":{"line":11,"column":31},"end":{"line":11,"column":47}},"11":{"start":{"line":12,"column":29},"end":{"line":12,"column":43}},"12":{"start":{"line":13,"column":30},"end":{"line":13,"column":45}},"13":{"start":{"line":14,"column":30},"end":{"line":14,"column":45}},"14":{"start":{"line":15,"column":29},"end":{"line":15,"column":43}},"15":{"start":{"line":16,"column":36},"end":{"line":16,"column":56}},"16":{"start":{"line":17,"column":38},"end":{"line":17,"column":60}},"17":{"start":{"line":18,"column":26},"end":{"line":18,"column":37}},"18":{"start":{"line":19,"column":21},"end":{"line":19,"column":28}},"19":{"start":{"line":20,"column":22},"end":{"line":20,"column":30}},"20":{"start":{"line":21,"column":24},"end":{"line":21,"column":34}},"21":{"start":{"line":22,"column":27},"end":{"line":22,"column":39}},"22":{"start":{"line":25,"column":28},"end":{"line":25,"column":42}},"23":{"start":{"line":26,"column":27},"end":{"line":26,"column":40}},"24":{"start":{"line":27,"column":30},"end":{"line":27,"column":46}},"25":{"start":{"line":28,"column":27},"end":{"line":28,"column":40}},"26":{"start":{"line":29,"column":36},"end":{"line":29,"column":58}}},"fnMap":{},"branchMap":{},"s":{"0":3,"1":3,"2":3,"3":3,"4":3,"5":3,"6":3,"7":3,"8":3,"9":3,"10":3,"11":3,"12":3,"13":3,"14":3,"15":3,"16":3,"17":3,"18":3,"19":3,"20":3,"21":3,"22":3,"23":3,"24":3,"25":3,"26":3},"f":{},"b":{},"_coverageSchema":"332fd63041d2c1bcb487cc26dd0d5f7d97098a6c","hash":"2f0cb2273bc5ba2d55ec25a1bdf89e7596795a36"}
,"/home/jomondo/vue.js/vue/src/store/article.module.js": {"path":"/home/jomondo/vue.js/vue/src/store/article.module.js","statementMap":{"0":{"start":{"line":30,"column":21},"end":{"line":39,"column":1}},"1":{"start":{"line":41,"column":21},"end":{"line":41,"column":40}},"2":{"start":{"line":43,"column":23},"end":{"line":95,"column":1}},"3":{"start":{"line":46,"column":4},"end":{"line":48,"column":5}},"4":{"start":{"line":47,"column":6},"end":{"line":47,"column":54}},"5":{"start":{"line":49,"column":21},"end":{"line":49,"column":59}},"6":{"start":{"line":50,"column":4},"end":{"line":50,"column":46}},"7":{"start":{"line":51,"column":4},"end":{"line":51,"column":16}},"8":{"start":{"line":54,"column":21},"end":{"line":54,"column":59}},"9":{"start":{"line":55,"column":4},"end":{"line":55,"column":48}},"10":{"start":{"line":56,"column":4},"end":{"line":56,"column":25}},"11":{"start":{"line":59,"column":4},"end":{"line":59,"column":62}},"12":{"start":{"line":60,"column":4},"end":{"line":60,"column":51}},"13":{"start":{"line":63,"column":4},"end":{"line":63,"column":67}},"14":{"start":{"line":64,"column":4},"end":{"line":64,"column":51}},"15":{"start":{"line":67,"column":21},"end":{"line":67,"column":55}},"16":{"start":{"line":68,"column":4},"end":{"line":68,"column":73}},"17":{"start":{"line":69,"column":4},"end":{"line":69,"column":46}},"18":{"start":{"line":72,"column":21},"end":{"line":72,"column":58}},"19":{"start":{"line":74,"column":4},"end":{"line":74,"column":73}},"20":{"start":{"line":75,"column":4},"end":{"line":75,"column":46}},"21":{"start":{"line":78,"column":4},"end":{"line":78,"column":49}},"22":{"start":{"line":81,"column":4},"end":{"line":81,"column":41}},"23":{"start":{"line":84,"column":4},"end":{"line":84,"column":69}},"24":{"start":{"line":87,"column":4},"end":{"line":87,"column":33}},"25":{"start":{"line":90,"column":4},"end":{"line":90,"column":36}},"26":{"start":{"line":93,"column":4},"end":{"line":93,"column":24}},"27":{"start":{"line":98,"column":25},"end":{"line":116,"column":1}},"28":{"start":{"line":100,"column":4},"end":{"line":100,"column":28}},"29":{"start":{"line":103,"column":4},"end":{"line":103,"column":30}},"30":{"start":{"line":106,"column":4},"end":{"line":106,"column":64}},"31":{"start":{"line":109,"column":4},"end":{"line":109,"column":73}},"32":{"start":{"line":109,"column":62},"end":{"line":109,"column":71}},"33":{"start":{"line":112,"column":4},"end":{"line":114,"column":5}},"34":{"start":{"line":113,"column":6},"end":{"line":113,"column":41}},"35":{"start":{"line":118,"column":16},"end":{"line":125,"column":1}},"36":{"start":{"line":120,"column":4},"end":{"line":120,"column":25}},"37":{"start":{"line":123,"column":4},"end":{"line":123,"column":26}}},"fnMap":{"0":{"name":"(anonymous_0)","decl":{"start":{"line":109,"column":57},"end":{"line":109,"column":58}},"loc":{"start":{"line":109,"column":62},"end":{"line":109,"column":71}},"line":109}},"branchMap":{"0":{"loc":{"start":{"line":46,"column":4},"end":{"line":48,"column":5}},"type":"if","locations":[{"start":{"line":46,"column":4},"end":{"line":48,"column":5}},{"start":{"line":46,"column":4},"end":{"line":48,"column":5}}],"line":46}},"s":{"0":1,"1":1,"2":1,"3":2,"4":1,"5":1,"6":1,"7":1,"8":3,"9":3,"10":3,"11":1,"12":1,"13":1,"14":1,"15":2,"16":2,"17":2,"18":2,"19":2,"20":2,"21":0,"22":0,"23":0,"24":0,"25":0,"26":0,"27":1,"28":0,"29":0,"30":0,"31":0,"32":0,"33":0,"34":0,"35":1,"36":0,"37":0},"f":{"0":0},"b":{"0":[1,1]},"_coverageSchema":"332fd63041d2c1bcb487cc26dd0d5f7d97098a6c","hash":"81a67daab5395ba2a06a59b2dca1aef856691fde"}
,"/home/jomondo/vue.js/vue/src/store/auth.module.js": {"path":"/home/jomondo/vue.js/vue/src/store/auth.module.js","statementMap":{"0":{"start":{"line":1,"column":0},"end":{"line":null,"column":-1}},"1":{"start":{"line":2,"column":0},"end":{"line":null,"column":-1}},"2":{"start":{"line":3,"column":0},"end":{"line":null,"column":-1}},"3":{"start":{"line":10,"column":0},"end":{"line":null,"column":-1}},"4":{"start":{"line":12,"column":14},"end":{"line":12,"column":0}},"5":{"start":{"line":18,"column":16},"end":{"line":18,"column":0}},"6":{"start":{"line":20,"column":4},"end":{"line":null,"column":-1}},"7":{"start":{"line":23,"column":4},"end":{"line":null,"column":-1}},"8":{"start":{"line":27,"column":16},"end":{"line":27,"column":0}},"9":{"start":{"line":29,"column":4},"end":{"line":null,"column":-1}},"10":{"start":{"line":30,"column":6},"end":{"line":null,"column":-1}},"11":{"start":{"line":32,"column":10},"end":{"line":null,"column":-1}},"12":{"start":{"line":33,"column":10},"end":{"line":null,"column":-1}},"13":{"start":{"line":36,"column":10},"end":{"line":null,"column":-1}},"14":{"start":{"line":41,"column":4},"end":{"line":null,"column":-1}},"15":{"start":{"line":44,"column":4},"end":{"line":null,"column":-1}},"16":{"start":{"line":45,"column":6},"end":{"line":null,"column":-1}},"17":{"start":{"line":47,"column":10},"end":{"line":null,"column":-1}},"18":{"start":{"line":48,"column":10},"end":{"line":null,"column":-1}},"19":{"start":{"line":51,"column":10},"end":{"line":null,"column":-1}},"20":{"start":{"line":52,"column":10},"end":{"line":null,"column":-1}},"21":{"start":{"line":57,"column":4},"end":{"line":68,"column":5}},"22":{"start":{"line":58,"column":6},"end":{"line":null,"column":-1}},"23":{"start":{"line":59,"column":6},"end":{"line":null,"column":-1}},"24":{"start":{"line":61,"column":10},"end":{"line":null,"column":-1}},"25":{"start":{"line":64,"column":10},"end":{"line":null,"column":-1}},"26":{"start":{"line":67,"column":6},"end":{"line":null,"column":-1}},"27":{"start":{"line":71,"column":54},"end":{"line":71,"column":4}},"28":{"start":{"line":72,"column":17},"end":{"line":72,"column":4}},"29":{"start":{"line":78,"column":4},"end":{"line":80,"column":5}},"30":{"start":{"line":79,"column":6},"end":{"line":null,"column":-1}},"31":{"start":{"line":82,"column":4},"end":{"line":null,"column":-1}},"32":{"start":{"line":83,"column":6},"end":{"line":null,"column":-1}},"33":{"start":{"line":84,"column":6},"end":{"line":null,"column":-1}},"34":{"start":{"line":89,"column":18},"end":{"line":89,"column":0}},"35":{"start":{"line":91,"column":4},"end":{"line":null,"column":-1}},"36":{"start":{"line":94,"column":4},"end":{"line":null,"column":-1}},"37":{"start":{"line":95,"column":4},"end":{"line":null,"column":-1}},"38":{"start":{"line":96,"column":4},"end":{"line":null,"column":-1}},"39":{"start":{"line":97,"column":4},"end":{"line":null,"column":-1}},"40":{"start":{"line":100,"column":4},"end":{"line":null,"column":-1}},"41":{"start":{"line":101,"column":4},"end":{"line":null,"column":-1}},"42":{"start":{"line":102,"column":4},"end":{"line":null,"column":-1}},"43":{"start":{"line":103,"column":4},"end":{"line":null,"column":-1}}},"fnMap":{"0":{"name":"(anonymous_0)","decl":{"start":{"line":29,"column":23},"end":{"line":29,"column":29}},"loc":{"start":{"line":29,"column":34},"end":{"line":29,"column":11}}},"1":{"name":"(anonymous_1)","decl":{"start":{"line":31,"column":14},"end":{"line":31,"column":15}},"loc":{"start":{"line":31,"column":28},"end":{"line":30,"column":6}}},"2":{"name":"(anonymous_2)","decl":{"start":{"line":35,"column":15},"end":{"line":35,"column":16}},"loc":{"start":{"line":35,"column":33},"end":{"line":30,"column":6}}},"3":{"name":"(anonymous_3)","decl":{"start":{"line":44,"column":23},"end":{"line":44,"column":24}},"loc":{"start":{"line":44,"column":44},"end":{"line":44,"column":11}}},"4":{"name":"(anonymous_4)","decl":{"start":{"line":46,"column":14},"end":{"line":46,"column":15}},"loc":{"start":{"line":46,"column":28},"end":{"line":45,"column":6}}},"5":{"name":"(anonymous_5)","decl":{"start":{"line":50,"column":15},"end":{"line":50,"column":16}},"loc":{"start":{"line":50,"column":33},"end":{"line":45,"column":6}}},"6":{"name":"(anonymous_6)","decl":{"start":{"line":60,"column":14},"end":{"line":60,"column":15}},"loc":{"start":{"line":60,"column":28},"end":{"line":59,"column":6}}},"7":{"name":"(anonymous_7)","decl":{"start":{"line":63,"column":15},"end":{"line":63,"column":16}},"loc":{"start":{"line":63,"column":33},"end":{"line":59,"column":6}}},"8":{"name":"(anonymous_8)","decl":{"start":{"line":82,"column":45},"end":{"line":82,"column":46}},"loc":{"start":{"line":82,"column":59},"end":{"line":82,"column":11}}}},"branchMap":{"0":{"loc":{"start":{"line":57,"column":4},"end":{"line":68,"column":5}},"type":"if","locations":[{"start":{"line":57,"column":4},"end":{"line":68,"column":5}},{"start":{"line":57,"column":4},"end":{"line":68,"column":5}}]},"1":{"loc":{"start":{"line":78,"column":4},"end":{"line":80,"column":5}},"type":"if","locations":[{"start":{"line":78,"column":4},"end":{"line":80,"column":5}},{"start":{"line":78,"column":4},"end":{"line":80,"column":5}}]}},"s":{"0":0,"1":0,"2":0,"3":0,"4":0,"5":0,"6":0,"7":0,"8":0,"9":0,"10":0,"11":0,"12":0,"13":0,"14":0,"15":0,"16":0,"17":0,"18":0,"19":0,"20":0,"21":0,"22":0,"23":0,"24":0,"25":0,"26":0,"27":0,"28":0,"29":0,"30":0,"31":0,"32":0,"33":0,"34":0,"35":0,"36":0,"37":0,"38":0,"39":0,"40":0,"41":0,"42":0,"43":0},"f":{"0":0,"1":0,"2":0,"3":0,"4":0,"5":0,"6":0,"7":0,"8":0},"b":{"0":[0,0],"1":[0,0]}}
,"/home/jomondo/vue.js/vue/src/store/contact.module.js": {"path":"/home/jomondo/vue.js/vue/src/store/contact.module.js","statementMap":{"0":{"start":{"line":1,"column":0},"end":{"line":null,"column":-1}},"1":{"start":{"line":2,"column":0},"end":{"line":null,"column":-1}},"2":{"start":{"line":5,"column":0},"end":{"line":null,"column":-1}},"3":{"start":{"line":6,"column":0},"end":{"line":null,"column":-1}},"4":{"start":{"line":7,"column":0},"end":{"line":null,"column":-1}},"5":{"start":{"line":9,"column":16},"end":{"line":9,"column":0}},"6":{"start":{"line":12,"column":8},"end":{"line":null,"column":-1}},"7":{"start":{"line":13,"column":12},"end":{"line":null,"column":-1}},"8":{"start":{"line":15,"column":20},"end":{"line":21,"column":21}},"9":{"start":{"line":16,"column":24},"end":{"line":null,"column":-1}},"10":{"start":{"line":24,"column":20},"end":{"line":null,"column":-1}}},"fnMap":{"0":{"name":"(anonymous_0)","decl":{"start":{"line":12,"column":27},"end":{"line":12,"column":28}},"loc":{"start":{"line":12,"column":48},"end":{"line":12,"column":15}}},"1":{"name":"(anonymous_1)","decl":{"start":{"line":14,"column":22},"end":{"line":14,"column":23}},"loc":{"start":{"line":14,"column":36},"end":{"line":13,"column":12}}},"2":{"name":"(anonymous_2)","decl":{"start":{"line":23,"column":23},"end":{"line":23,"column":28}},"loc":{"start":{"line":23,"column":29},"end":{"line":13,"column":12}}}},"branchMap":{"0":{"loc":{"start":{"line":15,"column":20},"end":{"line":21,"column":21}},"type":"if","locations":[{"start":{"line":15,"column":20},"end":{"line":21,"column":21}},{"start":{"line":15,"column":20},"end":{"line":21,"column":21}}]}},"s":{"0":0,"1":0,"2":0,"3":0,"4":0,"5":0,"6":0,"7":0,"8":0,"9":0,"10":0},"f":{"0":0,"1":0,"2":0},"b":{"0":[0,0]}}
,"/home/jomondo/vue.js/vue/src/store/home.module.js": {"path":"/home/jomondo/vue.js/vue/src/store/home.module.js","statementMap":{"0":{"start":{"line":1,"column":0},"end":{"line":null,"column":-1}},"1":{"start":{"line":2,"column":0},"end":{"line":null,"column":-1}},"2":{"start":{"line":4,"column":14},"end":{"line":4,"column":0}},"3":{"start":{"line":9,"column":16},"end":{"line":9,"column":0}},"4":{"start":{"line":11,"column":4},"end":{"line":null,"column":-1}},"5":{"start":{"line":14,"column":4},"end":{"line":null,"column":-1}},"6":{"start":{"line":18,"column":16},"end":{"line":18,"column":0}},"7":{"start":{"line":20,"column":4},"end":{"line":null,"column":-1}},"8":{"start":{"line":21,"column":4},"end":{"line":null,"column":-1}},"9":{"start":{"line":23,"column":8},"end":{"line":null,"column":-1}},"10":{"start":{"line":24,"column":8},"end":{"line":null,"column":-1}}},"fnMap":{"0":{"name":"(anonymous_0)","decl":{"start":{"line":22,"column":12},"end":{"line":22,"column":13}},"loc":{"start":{"line":22,"column":26},"end":{"line":21,"column":4}}},"1":{"name":"(anonymous_1)","decl":{"start":{"line":26,"column":13},"end":{"line":26,"column":18}},"loc":{"start":{"line":26,"column":19},"end":{"line":21,"column":4}}}},"branchMap":{},"s":{"0":0,"1":0,"2":0,"3":0,"4":0,"5":0,"6":0,"7":0,"8":0,"9":0,"10":0},"f":{"0":0,"1":0},"b":{}}
,"/home/jomondo/vue.js/vue/src/store/index.js": {"path":"/home/jomondo/vue.js/vue/src/store/index.js","statementMap":{"0":{"start":{"line":1,"column":0},"end":{"line":null,"column":-1}},"1":{"start":{"line":2,"column":0},"end":{"line":null,"column":-1}},"2":{"start":{"line":4,"column":0},"end":{"line":null,"column":-1}},"3":{"start":{"line":5,"column":0},"end":{"line":null,"column":-1}},"4":{"start":{"line":6,"column":0},"end":{"line":null,"column":-1}},"5":{"start":{"line":7,"column":0},"end":{"line":null,"column":-1}},"6":{"start":{"line":8,"column":0},"end":{"line":null,"column":-1}},"7":{"start":{"line":9,"column":0},"end":{"line":null,"column":-1}},"8":{"start":{"line":11,"column":0},"end":{"line":null,"column":-1}}},"fnMap":{},"branchMap":{},"s":{"0":0,"1":0,"2":0,"3":0,"4":0,"5":0,"6":0,"7":0,"8":0},"f":{},"b":{}}
,"/home/jomondo/vue.js/vue/src/store/mutations.type.js": {"path":"/home/jomondo/vue.js/vue/src/store/mutations.type.js","statementMap":{"0":{"start":{"line":1,"column":25},"end":{"line":1,"column":38}},"1":{"start":{"line":2,"column":27},"end":{"line":2,"column":39}},"2":{"start":{"line":3,"column":26},"end":{"line":3,"column":34}},"3":{"start":{"line":4,"column":27},"end":{"line":4,"column":39}},"4":{"start":{"line":5,"column":24},"end":{"line":5,"column":33}},"5":{"start":{"line":6,"column":28},"end":{"line":6,"column":41}},"6":{"start":{"line":7,"column":25},"end":{"line":7,"column":35}},"7":{"start":{"line":8,"column":27},"end":{"line":8,"column":39}},"8":{"start":{"line":9,"column":24},"end":{"line":9,"column":33}},"9":{"start":{"line":10,"column":23},"end":{"line":10,"column":31}},"10":{"start":{"line":11,"column":26},"end":{"line":11,"column":37}},"11":{"start":{"line":12,"column":38},"end":{"line":12,"column":58}},"12":{"start":{"line":13,"column":27},"end":{"line":13,"column":45}}},"fnMap":{},"branchMap":{},"s":{"0":1,"1":1,"2":1,"3":1,"4":1,"5":1,"6":1,"7":1,"8":1,"9":1,"10":1,"11":1,"12":1},"f":{},"b":{},"_coverageSchema":"332fd63041d2c1bcb487cc26dd0d5f7d97098a6c","hash":"82f7be82b07f2595c768bbd8fc7a7dc1d1f27b09"}
,"/home/jomondo/vue.js/vue/src/store/profile.module.js": {"path":"/home/jomondo/vue.js/vue/src/store/profile.module.js","statementMap":{"0":{"start":{"line":1,"column":0},"end":{"line":null,"column":-1}},"1":{"start":{"line":2,"column":0},"end":{"line":null,"column":-1}},"2":{"start":{"line":7,"column":0},"end":{"line":null,"column":-1}},"3":{"start":{"line":9,"column":14},"end":{"line":9,"column":0}},"4":{"start":{"line":14,"column":16},"end":{"line":14,"column":0}},"5":{"start":{"line":16,"column":4},"end":{"line":null,"column":-1}},"6":{"start":{"line":20,"column":16},"end":{"line":20,"column":0}},"7":{"start":{"line":22,"column":25},"end":{"line":22,"column":4}},"8":{"start":{"line":23,"column":4},"end":{"line":null,"column":-1}},"9":{"start":{"line":25,"column":8},"end":{"line":null,"column":-1}},"10":{"start":{"line":26,"column":8},"end":{"line":null,"column":-1}},"11":{"start":{"line":34,"column":25},"end":{"line":34,"column":4}},"12":{"start":{"line":35,"column":4},"end":{"line":null,"column":-1}},"13":{"start":{"line":37,"column":8},"end":{"line":null,"column":-1}},"14":{"start":{"line":38,"column":8},"end":{"line":null,"column":-1}},"15":{"start":{"line":46,"column":25},"end":{"line":46,"column":4}},"16":{"start":{"line":47,"column":4},"end":{"line":null,"column":-1}},"17":{"start":{"line":49,"column":8},"end":{"line":null,"column":-1}},"18":{"start":{"line":50,"column":8},"end":{"line":null,"column":-1}},"19":{"start":{"line":59,"column":18},"end":{"line":59,"column":0}},"20":{"start":{"line":64,"column":4},"end":{"line":null,"column":-1}},"21":{"start":{"line":65,"column":4},"end":{"line":null,"column":-1}}},"fnMap":{"0":{"name":"(anonymous_0)","decl":{"start":{"line":24,"column":12},"end":{"line":24,"column":13}},"loc":{"start":{"line":24,"column":26},"end":{"line":23,"column":11}}},"1":{"name":"(anonymous_1)","decl":{"start":{"line":28,"column":13},"end":{"line":28,"column":18}},"loc":{"start":{"line":28,"column":19},"end":{"line":23,"column":11}}},"2":{"name":"(anonymous_2)","decl":{"start":{"line":36,"column":12},"end":{"line":36,"column":13}},"loc":{"start":{"line":36,"column":26},"end":{"line":35,"column":11}}},"3":{"name":"(anonymous_3)","decl":{"start":{"line":40,"column":13},"end":{"line":40,"column":18}},"loc":{"start":{"line":40,"column":19},"end":{"line":35,"column":11}}},"4":{"name":"(anonymous_4)","decl":{"start":{"line":48,"column":12},"end":{"line":48,"column":13}},"loc":{"start":{"line":48,"column":26},"end":{"line":47,"column":11}}},"5":{"name":"(anonymous_5)","decl":{"start":{"line":52,"column":13},"end":{"line":52,"column":18}},"loc":{"start":{"line":52,"column":19},"end":{"line":47,"column":11}}}},"branchMap":{},"s":{"0":0,"1":0,"2":0,"3":0,"4":0,"5":0,"6":0,"7":0,"8":0,"9":0,"10":0,"11":0,"12":0,"13":0,"14":0,"15":0,"16":0,"17":0,"18":0,"19":0,"20":0,"21":0},"f":{"0":0,"1":0,"2":0,"3":0,"4":0,"5":0},"b":{}}
,"/home/jomondo/vue.js/vue/src/store/settings.module.js": {"path":"/home/jomondo/vue.js/vue/src/store/settings.module.js","statementMap":{"0":{"start":{"line":1,"column":0},"end":{"line":null,"column":-1}},"1":{"start":{"line":2,"column":0},"end":{"line":null,"column":-1}},"2":{"start":{"line":3,"column":0},"end":{"line":null,"column":-1}},"3":{"start":{"line":5,"column":21},"end":{"line":5,"column":7}},"4":{"start":{"line":10,"column":23},"end":{"line":10,"column":7}},"5":{"start":{"line":12,"column":4},"end":{"line":null,"column":-1}},"6":{"start":{"line":14,"column":8},"end":{"line":null,"column":-1}},"7":{"start":{"line":17,"column":8},"end":{"line":null,"column":-1}},"8":{"start":{"line":21,"column":4},"end":{"line":null,"column":-1}},"9":{"start":{"line":23,"column":8},"end":{"line":null,"column":-1}},"10":{"start":{"line":26,"column":8},"end":{"line":null,"column":-1}},"11":{"start":{"line":32,"column":25},"end":{"line":32,"column":7}},"12":{"start":{"line":34,"column":4},"end":{"line":null,"column":-1}},"13":{"start":{"line":37,"column":4},"end":{"line":null,"column":-1}}},"fnMap":{"0":{"name":"(anonymous_0)","decl":{"start":{"line":13,"column":12},"end":{"line":13,"column":13}},"loc":{"start":{"line":13,"column":26},"end":{"line":12,"column":11}}},"1":{"name":"(anonymous_1)","decl":{"start":{"line":16,"column":13},"end":{"line":16,"column":17}},"loc":{"start":{"line":16,"column":22},"end":{"line":12,"column":11}}},"2":{"name":"(anonymous_2)","decl":{"start":{"line":22,"column":12},"end":{"line":22,"column":13}},"loc":{"start":{"line":22,"column":26},"end":{"line":21,"column":11}}},"3":{"name":"(anonymous_3)","decl":{"start":{"line":25,"column":13},"end":{"line":25,"column":17}},"loc":{"start":{"line":25,"column":22},"end":{"line":21,"column":11}}}},"branchMap":{},"s":{"0":0,"1":0,"2":0,"3":0,"4":0,"5":0,"6":0,"7":0,"8":0,"9":0,"10":0,"11":0,"12":0,"13":0},"f":{"0":0,"1":0,"2":0,"3":0},"b":{}}
,"/home/jomondo/vue.js/vue/src/store/users.module.js": {"path":"/home/jomondo/vue.js/vue/src/store/users.module.js","statementMap":{"0":{"start":{"line":1,"column":0},"end":{"line":null,"column":-1}},"1":{"start":{"line":2,"column":0},"end":{"line":null,"column":-1}},"2":{"start":{"line":4,"column":14},"end":{"line":4,"column":0}},"3":{"start":{"line":10,"column":16},"end":{"line":10,"column":0}},"4":{"start":{"line":12,"column":4},"end":{"line":null,"column":-1}},"5":{"start":{"line":15,"column":4},"end":{"line":null,"column":-1}},"6":{"start":{"line":19,"column":16},"end":{"line":19,"column":0}},"7":{"start":{"line":21,"column":4},"end":{"line":null,"column":-1}},"8":{"start":{"line":22,"column":4},"end":{"line":null,"column":-1}},"9":{"start":{"line":24,"column":8},"end":{"line":null,"column":-1}},"10":{"start":{"line":25,"column":8},"end":{"line":null,"column":-1}},"11":{"start":{"line":30,"column":4},"end":{"line":null,"column":-1}},"12":{"start":{"line":31,"column":4},"end":{"line":null,"column":-1}},"13":{"start":{"line":33,"column":8},"end":{"line":null,"column":-1}},"14":{"start":{"line":34,"column":8},"end":{"line":null,"column":-1}},"15":{"start":{"line":39,"column":4},"end":{"line":null,"column":-1}},"16":{"start":{"line":40,"column":4},"end":{"line":null,"column":-1}},"17":{"start":{"line":42,"column":8},"end":{"line":null,"column":-1}},"18":{"start":{"line":43,"column":8},"end":{"line":null,"column":-1}}},"fnMap":{"0":{"name":"(anonymous_0)","decl":{"start":{"line":23,"column":12},"end":{"line":23,"column":13}},"loc":{"start":{"line":23,"column":26},"end":{"line":22,"column":4}}},"1":{"name":"(anonymous_1)","decl":{"start":{"line":27,"column":13},"end":{"line":27,"column":18}},"loc":{"start":{"line":27,"column":19},"end":{"line":22,"column":4}}},"2":{"name":"(anonymous_2)","decl":{"start":{"line":32,"column":12},"end":{"line":32,"column":13}},"loc":{"start":{"line":32,"column":26},"end":{"line":31,"column":4}}},"3":{"name":"(anonymous_3)","decl":{"start":{"line":36,"column":13},"end":{"line":36,"column":18}},"loc":{"start":{"line":36,"column":19},"end":{"line":31,"column":4}}},"4":{"name":"(anonymous_4)","decl":{"start":{"line":41,"column":12},"end":{"line":41,"column":13}},"loc":{"start":{"line":41,"column":26},"end":{"line":40,"column":4}}},"5":{"name":"(anonymous_5)","decl":{"start":{"line":45,"column":13},"end":{"line":45,"column":18}},"loc":{"start":{"line":45,"column":19},"end":{"line":40,"column":4}}}},"branchMap":{},"s":{"0":0,"1":0,"2":0,"3":0,"4":0,"5":0,"6":0,"7":0,"8":0,"9":0,"10":0,"11":0,"12":0,"13":0,"14":0,"15":0,"16":0,"17":0,"18":0},"f":{"0":0,"1":0,"2":0,"3":0,"4":0,"5":0},"b":{}}
,"/home/jomondo/vue.js/vue/src/views/Article.vue": {"path":"/home/jomondo/vue.js/vue/src/views/Article.vue","statementMap":{"0":{"start":{"line":55,"column":0},"end":{"line":null,"column":-1}},"1":{"start":{"line":56,"column":0},"end":{"line":null,"column":-1}},"2":{"start":{"line":57,"column":0},"end":{"line":null,"column":-1}},"3":{"start":{"line":58,"column":0},"end":{"line":null,"column":-1}},"4":{"start":{"line":59,"column":0},"end":{"line":null,"column":-1}},"5":{"start":{"line":60,"column":0},"end":{"line":null,"column":-1}},"6":{"start":{"line":61,"column":0},"end":{"line":null,"column":-1}},"7":{"start":{"line":62,"column":0},"end":{"line":null,"column":-1}},"8":{"start":{"line":79,"column":0},"end":{"line":84,"column":0}},"9":{"start":{"line":83,"column":0},"end":{"line":null,"column":-1}},"10":{"start":{"line":91,"column":0},"end":{"line":null,"column":-1}}},"fnMap":{"0":{"name":"(anonymous_1)","decl":{"start":{"line":79,"column":0},"end":{"line":null,"column":-1}},"loc":{"start":{"line":79,"column":0},"end":{"line":84,"column":0}}}},"branchMap":{},"s":{"0":0,"1":0,"2":0,"3":0,"4":0,"5":0,"6":0,"7":0,"8":0,"9":0,"10":0},"f":{"0":0},"b":{}}
,"/home/jomondo/vue.js/vue/src/views/ArticleEdit.vue": {"path":"/home/jomondo/vue.js/vue/src/views/ArticleEdit.vue","statementMap":{"0":{"start":{"line":70,"column":0},"end":{"line":null,"column":-1}},"1":{"start":{"line":71,"column":0},"end":{"line":null,"column":-1}},"2":{"start":{"line":72,"column":0},"end":{"line":null,"column":-1}},"3":{"start":{"line":73,"column":0},"end":{"line":null,"column":-1}},"4":{"start":{"line":94,"column":0},"end":{"line":null,"column":-1}},"5":{"start":{"line":95,"column":0},"end":{"line":null,"column":-1}},"6":{"start":{"line":100,"column":0},"end":{"line":null,"column":-1}},"7":{"start":{"line":101,"column":0},"end":{"line":107,"column":0}},"8":{"start":{"line":102,"column":0},"end":{"line":null,"column":-1}},"9":{"start":{"line":108,"column":0},"end":{"line":null,"column":-1}},"10":{"start":{"line":111,"column":0},"end":{"line":null,"column":-1}},"11":{"start":{"line":112,"column":0},"end":{"line":null,"column":-1}},"12":{"start":{"line":115,"column":0},"end":{"line":null,"column":-1}},"13":{"start":{"line":126,"column":0},"end":{"line":null,"column":-1}},"14":{"start":{"line":127,"column":0},"end":{"line":null,"column":-1}},"15":{"start":{"line":128,"column":0},"end":{"line":140,"column":0}},"16":{"start":{"line":131,"column":0},"end":{"line":null,"column":-1}},"17":{"start":{"line":132,"column":0},"end":{"line":null,"column":-1}},"18":{"start":{"line":138,"column":0},"end":{"line":null,"column":-1}},"19":{"start":{"line":139,"column":0},"end":{"line":null,"column":-1}},"20":{"start":{"line":143,"column":0},"end":{"line":null,"column":-1}},"21":{"start":{"line":146,"column":0},"end":{"line":null,"column":-1}},"22":{"start":{"line":147,"column":0},"end":{"line":null,"column":-1}}},"fnMap":{"0":{"name":"(anonymous_1)","decl":{"start":{"line":128,"column":0},"end":{"line":null,"column":-1}},"loc":{"start":{"line":130,"column":0},"end":{"line":136,"column":0}}},"1":{"name":"(anonymous_2)","decl":{"start":{"line":136,"column":0},"end":{"line":null,"column":-1}},"loc":{"start":{"line":137,"column":0},"end":{"line":140,"column":0}}}},"branchMap":{"0":{"loc":{"start":{"line":101,"column":0},"end":{"line":107,"column":0}},"type":"if","locations":[{"start":{"line":101,"column":0},"end":{"line":107,"column":0}},{"start":{"line":101,"column":0},"end":{"line":107,"column":0}}]},"1":{"loc":{"start":{"line":126,"column":0},"end":{"line":null,"column":-1}},"type":"cond-expr","locations":[{"start":{"line":126,"column":0},"end":{"line":null,"column":-1}},{"start":{"line":126,"column":0},"end":{"line":null,"column":-1}}]}},"s":{"0":0,"1":0,"2":0,"3":0,"4":0,"5":0,"6":0,"7":0,"8":0,"9":0,"10":0,"11":0,"12":0,"13":0,"14":0,"15":0,"16":0,"17":0,"18":0,"19":0,"20":0,"21":0,"22":0},"f":{"0":0,"1":0},"b":{"0":[0,0],"1":[0,0]}}
,"/home/jomondo/vue.js/vue/src/views/Contact.vue": {"path":"/home/jomondo/vue.js/vue/src/views/Contact.vue","statementMap":{"0":{"start":{"line":55,"column":0},"end":{"line":null,"column":-1}},"1":{"start":{"line":56,"column":0},"end":{"line":null,"column":-1}},"2":{"start":{"line":61,"column":0},"end":{"line":null,"column":-1}},"3":{"start":{"line":70,"column":0},"end":{"line":null,"column":-1}},"4":{"start":{"line":75,"column":0},"end":{"line":82,"column":0}},"5":{"start":{"line":76,"column":0},"end":{"line":82,"column":0}}},"fnMap":{"0":{"name":"(anonymous_1)","decl":{"start":{"line":70,"column":0},"end":{"line":null,"column":-1}},"loc":{"start":{"line":70,"column":0},"end":{"line":null,"column":-1}}},"1":{"name":"(anonymous_2)","decl":{"start":{"line":76,"column":0},"end":{"line":null,"column":-1}},"loc":{"start":{"line":76,"column":0},"end":{"line":82,"column":0}}}},"branchMap":{},"s":{"0":0,"1":0,"2":0,"3":0,"4":0,"5":0},"f":{"0":0,"1":0},"b":{}}
,"/home/jomondo/vue.js/vue/src/views/Home.vue": {"path":"/home/jomondo/vue.js/vue/src/views/Home.vue","statementMap":{"0":{"start":{"line":25,"column":0},"end":{"line":null,"column":-1}},"1":{"start":{"line":26,"column":0},"end":{"line":null,"column":-1}},"2":{"start":{"line":27,"column":0},"end":{"line":null,"column":-1}},"3":{"start":{"line":32,"column":0},"end":{"line":null,"column":-1}}},"fnMap":{},"branchMap":{},"s":{"0":1,"1":1,"2":1,"3":1},"f":{},"b":{}}
,"/home/jomondo/vue.js/vue/src/views/HomeGlobal.vue": {"path":"/home/jomondo/vue.js/vue/src/views/HomeGlobal.vue","statementMap":{"0":{"start":{"line":5,"column":0},"end":{"line":null,"column":-1}}},"fnMap":{},"branchMap":{},"s":{"0":0},"f":{},"b":{}}
,"/home/jomondo/vue.js/vue/src/views/HomeMyFeed.vue": {"path":"/home/jomondo/vue.js/vue/src/views/HomeMyFeed.vue","statementMap":{"0":{"start":{"line":6,"column":0},"end":{"line":null,"column":-1}}},"fnMap":{},"branchMap":{},"s":{"0":0},"f":{},"b":{}}
,"/home/jomondo/vue.js/vue/src/views/HomeTag.vue": {"path":"/home/jomondo/vue.js/vue/src/views/HomeTag.vue","statementMap":{"0":{"start":{"line":6,"column":0},"end":{"line":null,"column":-1}},"1":{"start":{"line":15,"column":0},"end":{"line":null,"column":-1}}},"fnMap":{},"branchMap":{},"s":{"0":0,"1":0},"f":{},"b":{}}
,"/home/jomondo/vue.js/vue/src/views/Login.vue": {"path":"/home/jomondo/vue.js/vue/src/views/Login.vue","statementMap":{"0":{"start":{"line":43,"column":0},"end":{"line":null,"column":-1}},"1":{"start":{"line":44,"column":0},"end":{"line":null,"column":-1}},"2":{"start":{"line":49,"column":0},"end":{"line":null,"column":-1}},"3":{"start":{"line":56,"column":0},"end":{"line":58,"column":0}},"4":{"start":{"line":57,"column":0},"end":{"line":58,"column":0}},"5":{"start":{"line":63,"column":0},"end":{"line":null,"column":-1}}},"fnMap":{"0":{"name":"(anonymous_1)","decl":{"start":{"line":57,"column":0},"end":{"line":null,"column":-1}},"loc":{"start":{"line":57,"column":0},"end":{"line":58,"column":0}}},"1":{"name":"(anonymous_2)","decl":{"start":{"line":63,"column":0},"end":{"line":null,"column":-1}},"loc":{"start":{"line":63,"column":0},"end":{"line":null,"column":-1}}}},"branchMap":{},"s":{"0":0,"1":0,"2":0,"3":0,"4":0,"5":0},"f":{"0":0,"1":0},"b":{}}
,"/home/jomondo/vue.js/vue/src/views/Profile.vue": {"path":"/home/jomondo/vue.js/vue/src/views/Profile.vue","statementMap":{"0":{"start":{"line":76,"column":0},"end":{"line":null,"column":-1}},"1":{"start":{"line":77,"column":0},"end":{"line":null,"column":-1}},"2":{"start":{"line":86,"column":0},"end":{"line":null,"column":-1}},"3":{"start":{"line":93,"column":0},"end":{"line":95,"column":0}},"4":{"start":{"line":94,"column":0},"end":{"line":null,"column":-1}},"5":{"start":{"line":96,"column":0},"end":{"line":null,"column":-1}},"6":{"start":{"line":99,"column":0},"end":{"line":null,"column":-1}},"7":{"start":{"line":100,"column":0},"end":{"line":null,"column":-1}},"8":{"start":{"line":103,"column":0},"end":{"line":null,"column":-1}},"9":{"start":{"line":108,"column":0},"end":{"line":null,"column":-1}}},"fnMap":{},"branchMap":{"0":{"loc":{"start":{"line":93,"column":0},"end":{"line":95,"column":0}},"type":"if","locations":[{"start":{"line":93,"column":0},"end":{"line":95,"column":0}},{"start":{"line":93,"column":0},"end":{"line":95,"column":0}}]},"1":{"loc":{"start":{"line":93,"column":0},"end":{"line":null,"column":-1}},"type":"binary-expr","locations":[{"start":{"line":93,"column":0},"end":{"line":null,"column":-1}},{"start":{"line":93,"column":0},"end":{"line":null,"column":-1}}]},"2":{"loc":{"start":{"line":99,"column":0},"end":{"line":null,"column":-1}},"type":"if","locations":[{"start":{"line":99,"column":0},"end":{"line":null,"column":-1}},{"start":{"line":99,"column":0},"end":{"line":null,"column":-1}}]}},"s":{"0":0,"1":0,"2":0,"3":0,"4":0,"5":0,"6":0,"7":0,"8":0,"9":0},"f":{},"b":{"0":[0,0],"1":[0,0],"2":[0,0]}}
,"/home/jomondo/vue.js/vue/src/views/ProfileArticles.vue": {"path":"/home/jomondo/vue.js/vue/src/views/ProfileArticles.vue","statementMap":{"0":{"start":{"line":8,"column":0},"end":{"line":null,"column":-1}},"1":{"start":{"line":17,"column":0},"end":{"line":null,"column":-1}}},"fnMap":{},"branchMap":{},"s":{"0":0,"1":0},"f":{},"b":{}}
,"/home/jomondo/vue.js/vue/src/views/ProfileFavorited.vue": {"path":"/home/jomondo/vue.js/vue/src/views/ProfileFavorited.vue","statementMap":{"0":{"start":{"line":9,"column":0},"end":{"line":null,"column":-1}},"1":{"start":{"line":18,"column":0},"end":{"line":null,"column":-1}}},"fnMap":{},"branchMap":{},"s":{"0":0,"1":0},"f":{},"b":{}}
,"/home/jomondo/vue.js/vue/src/views/Register.vue": {"path":"/home/jomondo/vue.js/vue/src/views/Register.vue","statementMap":{"0":{"start":{"line":51,"column":0},"end":{"line":null,"column":-1}},"1":{"start":{"line":52,"column":0},"end":{"line":null,"column":-1}},"2":{"start":{"line":57,"column":0},"end":{"line":null,"column":-1}},"3":{"start":{"line":65,"column":0},"end":{"line":null,"column":-1}},"4":{"start":{"line":70,"column":0},"end":{"line":76,"column":0}},"5":{"start":{"line":71,"column":0},"end":{"line":76,"column":0}}},"fnMap":{"0":{"name":"(anonymous_1)","decl":{"start":{"line":65,"column":0},"end":{"line":null,"column":-1}},"loc":{"start":{"line":65,"column":0},"end":{"line":null,"column":-1}}},"1":{"name":"(anonymous_2)","decl":{"start":{"line":71,"column":0},"end":{"line":null,"column":-1}},"loc":{"start":{"line":71,"column":0},"end":{"line":76,"column":0}}}},"branchMap":{},"s":{"0":0,"1":0,"2":0,"3":0,"4":0,"5":0},"f":{"0":0,"1":0},"b":{}}
,"/home/jomondo/vue.js/vue/src/views/Settings.vue": {"path":"/home/jomondo/vue.js/vue/src/views/Settings.vue","statementMap":{"0":{"start":{"line":66,"column":0},"end":{"line":null,"column":-1}},"1":{"start":{"line":67,"column":0},"end":{"line":null,"column":-1}},"2":{"start":{"line":76,"column":0},"end":{"line":79,"column":0}},"3":{"start":{"line":78,"column":0},"end":{"line":null,"column":-1}},"4":{"start":{"line":82,"column":0},"end":{"line":84,"column":0}},"5":{"start":{"line":83,"column":0},"end":{"line":null,"column":-1}}},"fnMap":{"0":{"name":"(anonymous_1)","decl":{"start":{"line":76,"column":0},"end":{"line":null,"column":-1}},"loc":{"start":{"line":76,"column":0},"end":{"line":79,"column":0}}},"1":{"name":"(anonymous_2)","decl":{"start":{"line":82,"column":0},"end":{"line":null,"column":-1}},"loc":{"start":{"line":82,"column":0},"end":{"line":84,"column":0}}}},"branchMap":{},"s":{"0":0,"1":0,"2":0,"3":0,"4":0,"5":0},"f":{"0":0,"1":0},"b":{}}
}
