TN:
SF:/home/jomondo/vue.js/vue/src/App.vue
FNF:0
FNH:0
DA:10,0
DA:11,0
LF:2
LH:0
BRF:0
BRH:0
end_of_record
TN:
SF:/home/jomondo/vue.js/vue/src/registerServiceWorker.js
FNF:0
FNH:0
DA:3,0
DA:5,0
DA:6,0
DA:8,0
DA:14,0
DA:17,0
DA:20,0
DA:25,0
LF:8
LH:0
BRDA:5,0,0,0
BRDA:5,0,1,0
BRF:2
BRH:0
end_of_record
TN:
SF:/home/jomondo/vue.js/vue/src/common/api.service.js
FN:20,(anonymous_0)
FN:26,(anonymous_1)
FN:45,(anonymous_2)
FNF:3
FNH:0
FNDA:0,(anonymous_0)
FNDA:0,(anonymous_1)
FNDA:0,(anonymous_2)
DA:7,1
DA:9,0
DA:10,0
DA:14,0
DA:20,0
DA:21,0
DA:26,4
DA:27,0
DA:32,3
DA:33,3
DA:37,0
DA:41,0
DA:45,3
DA:46,0
DA:53,1
DA:55,0
DA:59,1
DA:61,0
DA:66,1
DA:69,0
DA:72,0
DA:75,0
DA:79,1
DA:81,0
DA:85,1
DA:87,0
DA:90,0
DA:93,0
DA:96,0
DA:100,1
DA:102,0
DA:106,1
DA:108,3
DA:109,0
DA:113,3
DA:117,1
DA:123,1
DA:127,1
DA:129,2
DA:132,2
LF:40
LH:19
BRDA:25,0,0,0
BRDA:61,1,0,0
BRDA:61,1,1,0
BRDA:108,2,0,0
BRDA:108,2,1,3
BRF:5
BRH:1
end_of_record
TN:
SF:/home/jomondo/vue.js/vue/src/common/config.js
FNF:0
FNH:0
DA:2,1
LF:1
LH:1
BRF:0
BRH:0
end_of_record
TN:
SF:/home/jomondo/vue.js/vue/src/common/date.filter.js
FN:3,(anonymous_0)
FNF:1
FNH:1
FNDA:1,(anonymous_0)
DA:4,1
LF:1
LH:1
BRF:0
BRH:0
end_of_record
TN:
SF:/home/jomondo/vue.js/vue/src/common/error.filter.js
FNF:0
FNH:0
DA:2,0
LF:1
LH:0
BRF:0
BRH:0
end_of_record
TN:
SF:/home/jomondo/vue.js/vue/src/common/jwt.service.js
FN:3,(anonymous_0)
FN:7,(anonymous_1)
FN:11,(anonymous_2)
FNF:3
FNH:0
FNDA:0,(anonymous_0)
FNDA:0,(anonymous_1)
FNDA:0,(anonymous_2)
DA:1,1
DA:3,1
DA:4,0
DA:7,1
DA:8,0
DA:11,1
DA:12,0
LF:7
LH:4
BRF:0
BRH:0
end_of_record
TN:
SF:/home/jomondo/vue.js/vue/src/components/ArticleActions.vue
FNF:0
FNH:0
DA:43,0
DA:44,0
DA:63,0
DA:64,0
DA:65,0
DA:67,0
DA:68,0
DA:71,0
DA:72,0
DA:73,0
DA:75,0
DA:78,0
DA:83,0
DA:84,0
DA:85,0
DA:87,0
LF:16
LH:0
BRDA:63,0,0,0
BRDA:63,0,1,0
BRDA:67,1,0,0
BRDA:67,1,1,0
BRDA:71,2,0,0
BRDA:71,2,1,0
BRDA:75,3,0,0
BRDA:75,3,1,0
BRF:8
BRH:0
end_of_record
TN:
SF:/home/jomondo/vue.js/vue/src/components/ArticleList.vue
FN:84,(anonymous_1)
FNF:1
FNH:0
FNDA:0,(anonymous_1)
DA:19,0
DA:20,0
DA:21,0
DA:22,0
DA:55,0
DA:61,0
DA:62,0
DA:66,0
DA:67,0
DA:69,0
DA:70,0
DA:72,0
DA:73,0
DA:75,0
DA:81,0
DA:82,0
DA:84,0
DA:92,0
DA:93,0
DA:96,0
DA:97,0
DA:100,0
DA:101,0
DA:104,0
DA:105,0
DA:108,0
DA:109,0
DA:113,0
DA:117,0
DA:120,0
DA:121,0
LF:31
LH:0
BRDA:66,0,0,0
BRDA:66,0,1,0
BRDA:69,1,0,0
BRDA:69,1,1,0
BRDA:72,2,0,0
BRDA:72,2,1,0
BRDA:81,3,0,0
BRDA:81,3,1,0
BRDA:81,4,0,0
BRDA:81,4,1,0
BRF:10
BRH:0
end_of_record
TN:
SF:/home/jomondo/vue.js/vue/src/components/ArticleMeta.vue
FNF:0
FNH:0
DA:41,0
DA:42,0
DA:43,0
DA:66,0
DA:67,0
DA:69,0
DA:72,0
DA:73,0
DA:74,0
DA:76,0
DA:77,0
LF:11
LH:0
BRDA:66,0,0,0
BRDA:66,0,1,0
BRDA:66,1,0,0
BRDA:66,1,1,0
BRDA:72,2,0,0
BRDA:72,2,1,0
BRDA:76,3,0,0
BRDA:76,3,1,0
BRF:8
BRH:0
end_of_record
TN:
SF:/home/jomondo/vue.js/vue/src/components/Comment.vue
FNF:0
FNH:0
DA:25,1
DA:26,1
DA:36,1
DA:37,1
DA:39,0
DA:45,0
LF:6
LH:4
BRDA:36,0,0,1
BRDA:36,0,1,0
BRDA:36,1,0,1
BRDA:36,1,1,1
BRF:4
BRH:3
end_of_record
TN:
SF:/home/jomondo/vue.js/vue/src/components/CommentEditor.vue
FN:46,(anonymous_1)
FN:50,(anonymous_2)
FNF:2
FNH:0
FNDA:0,(anonymous_1)
FNDA:0,(anonymous_2)
DA:26,0
DA:27,0
DA:38,0
DA:45,0
DA:48,0
DA:49,0
DA:52,0
LF:7
LH:0
BRDA:39,0,0,0
BRDA:39,0,1,0
BRF:2
BRH:0
end_of_record
TN:
SF:/home/jomondo/vue.js/vue/src/components/ItemDetail.vue
FNF:0
FNH:0
DA:57,0
DA:58,0
DA:63,0
DA:64,0
LF:4
LH:0
BRF:0
BRH:0
end_of_record
TN:
SF:/home/jomondo/vue.js/vue/src/components/ItemList.vue
FN:111,(anonymous_1)
FNF:1
FNH:0
FNDA:0,(anonymous_1)
DA:55,1
DA:56,1
DA:57,1
DA:62,0
DA:66,0
DA:84,0
DA:93,0
DA:94,0
DA:97,0
DA:101,0
DA:108,0
DA:109,0
DA:111,0
DA:119,0
DA:120,0
DA:121,0
DA:126,0
DA:132,0
DA:138,0
DA:141,0
DA:144,0
DA:147,0
DA:148,0
LF:23
LH:3
BRDA:109,0,0,0
BRDA:109,0,1,0
BRF:2
BRH:0
end_of_record
TN:
SF:/home/jomondo/vue.js/vue/src/components/TheHeader.vue
FNF:0
FNH:0
DA:100,0
LF:1
LH:0
BRF:0
BRH:0
end_of_record
TN:
SF:/home/jomondo/vue.js/vue/src/components/VArticlePreview.vue
FNF:0
FNH:0
DA:14,0
DA:15,0
DA:28,0
LF:3
LH:0
BRF:0
BRH:0
end_of_record
TN:
SF:/home/jomondo/vue.js/vue/src/components/VPagination.vue
FNF:0
FNH:0
DA:32,2
DA:33,2
DA:36,12
LF:3
LH:3
BRDA:32,0,0,0
BRDA:32,0,1,2
BRF:2
BRH:1
end_of_record
TN:
SF:/home/jomondo/vue.js/vue/src/router/index.js
FN:10,(anonymous_0)
FN:15,(anonymous_2)
FN:20,(anonymous_4)
FN:25,(anonymous_6)
FN:32,(anonymous_8)
FN:37,(anonymous_10)
FN:42,(anonymous_12)
FN:47,(anonymous_14)
FN:51,(anonymous_16)
FN:61,(anonymous_18)
FN:74,(anonymous_20)
FN:79,(anonymous_22)
FN:84,(anonymous_24)
FN:91,(anonymous_26)
FN:98,(anonymous_28)
FNF:15
FNH:0
FNDA:0,(anonymous_0)
FNDA:0,(anonymous_2)
FNDA:0,(anonymous_4)
FNDA:0,(anonymous_6)
FNDA:0,(anonymous_8)
FNDA:0,(anonymous_10)
FNDA:0,(anonymous_12)
FNDA:0,(anonymous_14)
FNDA:0,(anonymous_16)
FNDA:0,(anonymous_18)
FNDA:0,(anonymous_20)
FNDA:0,(anonymous_22)
FNDA:0,(anonymous_24)
FNDA:0,(anonymous_26)
FNDA:0,(anonymous_28)
DA:1,0
DA:2,0
DA:4,0
DA:10,0
DA:15,0
DA:20,0
DA:25,0
DA:32,0
DA:37,0
DA:42,0
DA:47,0
DA:51,0
DA:61,0
DA:74,0
DA:79,0
DA:84,0
DA:91,0
DA:98,0
LF:18
LH:0
BRF:0
BRH:0
end_of_record
TN:
SF:/home/jomondo/vue.js/vue/src/store/actions.type.js
FNF:0
FNH:0
DA:1,3
DA:2,3
DA:3,3
DA:4,3
DA:5,3
DA:6,3
DA:7,3
DA:8,3
DA:9,3
DA:10,3
DA:11,3
DA:12,3
DA:13,3
DA:14,3
DA:15,3
DA:16,3
DA:17,3
DA:18,3
DA:19,3
DA:20,3
DA:21,3
DA:22,3
DA:25,3
DA:26,3
DA:27,3
DA:28,3
DA:29,3
LF:27
LH:27
BRF:0
BRH:0
end_of_record
TN:
SF:/home/jomondo/vue.js/vue/src/store/article.module.js
FN:109,(anonymous_0)
FNF:1
FNH:0
FNDA:0,(anonymous_0)
DA:30,1
DA:41,1
DA:43,1
DA:46,2
DA:47,1
DA:49,1
DA:50,1
DA:51,1
DA:54,3
DA:55,3
DA:56,3
DA:59,1
DA:60,1
DA:63,1
DA:64,1
DA:67,2
DA:68,2
DA:69,2
DA:72,2
DA:74,2
DA:75,2
DA:78,0
DA:81,0
DA:84,0
DA:87,0
DA:90,0
DA:93,0
DA:98,1
DA:100,0
DA:103,0
DA:106,0
DA:109,0
DA:112,0
DA:113,0
DA:118,1
DA:120,0
DA:123,0
LF:37
LH:23
BRDA:46,0,0,1
BRDA:46,0,1,1
BRF:2
BRH:2
end_of_record
TN:
SF:/home/jomondo/vue.js/vue/src/store/auth.module.js
FN:29,(anonymous_0)
FN:31,(anonymous_1)
FN:35,(anonymous_2)
FN:44,(anonymous_3)
FN:46,(anonymous_4)
FN:50,(anonymous_5)
FN:60,(anonymous_6)
FN:63,(anonymous_7)
FN:82,(anonymous_8)
FNF:9
FNH:0
FNDA:0,(anonymous_0)
FNDA:0,(anonymous_1)
FNDA:0,(anonymous_2)
FNDA:0,(anonymous_3)
FNDA:0,(anonymous_4)
FNDA:0,(anonymous_5)
FNDA:0,(anonymous_6)
FNDA:0,(anonymous_7)
FNDA:0,(anonymous_8)
DA:1,0
DA:2,0
DA:3,0
DA:10,0
DA:12,0
DA:18,0
DA:20,0
DA:23,0
DA:27,0
DA:29,0
DA:30,0
DA:32,0
DA:33,0
DA:36,0
DA:41,0
DA:44,0
DA:45,0
DA:47,0
DA:48,0
DA:51,0
DA:52,0
DA:57,0
DA:58,0
DA:59,0
DA:61,0
DA:64,0
DA:67,0
DA:71,0
DA:72,0
DA:78,0
DA:79,0
DA:82,0
DA:83,0
DA:84,0
DA:89,0
DA:91,0
DA:94,0
DA:95,0
DA:96,0
DA:97,0
DA:100,0
DA:101,0
DA:102,0
DA:103,0
LF:44
LH:0
BRDA:57,0,0,0
BRDA:57,0,1,0
BRDA:78,1,0,0
BRDA:78,1,1,0
BRF:4
BRH:0
end_of_record
TN:
SF:/home/jomondo/vue.js/vue/src/store/contact.module.js
FN:12,(anonymous_0)
FN:14,(anonymous_1)
FN:23,(anonymous_2)
FNF:3
FNH:0
FNDA:0,(anonymous_0)
FNDA:0,(anonymous_1)
FNDA:0,(anonymous_2)
DA:1,0
DA:2,0
DA:5,0
DA:6,0
DA:7,0
DA:9,0
DA:12,0
DA:13,0
DA:15,0
DA:16,0
DA:24,0
LF:11
LH:0
BRDA:15,0,0,0
BRDA:15,0,1,0
BRF:2
BRH:0
end_of_record
TN:
SF:/home/jomondo/vue.js/vue/src/store/home.module.js
FN:22,(anonymous_0)
FN:26,(anonymous_1)
FNF:2
FNH:0
FNDA:0,(anonymous_0)
FNDA:0,(anonymous_1)
DA:1,0
DA:2,0
DA:4,0
DA:9,0
DA:11,0
DA:14,0
DA:18,0
DA:20,0
DA:21,0
DA:23,0
DA:24,0
LF:11
LH:0
BRF:0
BRH:0
end_of_record
TN:
SF:/home/jomondo/vue.js/vue/src/store/index.js
FNF:0
FNH:0
DA:1,0
DA:2,0
DA:4,0
DA:5,0
DA:6,0
DA:7,0
DA:8,0
DA:9,0
DA:11,0
LF:9
LH:0
BRF:0
BRH:0
end_of_record
TN:
SF:/home/jomondo/vue.js/vue/src/store/mutations.type.js
FNF:0
FNH:0
DA:1,1
DA:2,1
DA:3,1
DA:4,1
DA:5,1
DA:6,1
DA:7,1
DA:8,1
DA:9,1
DA:10,1
DA:11,1
DA:12,1
DA:13,1
LF:13
LH:13
BRF:0
BRH:0
end_of_record
TN:
SF:/home/jomondo/vue.js/vue/src/store/profile.module.js
FN:24,(anonymous_0)
FN:28,(anonymous_1)
FN:36,(anonymous_2)
FN:40,(anonymous_3)
FN:48,(anonymous_4)
FN:52,(anonymous_5)
FNF:6
FNH:0
FNDA:0,(anonymous_0)
FNDA:0,(anonymous_1)
FNDA:0,(anonymous_2)
FNDA:0,(anonymous_3)
FNDA:0,(anonymous_4)
FNDA:0,(anonymous_5)
DA:1,0
DA:2,0
DA:7,0
DA:9,0
DA:14,0
DA:16,0
DA:20,0
DA:22,0
DA:23,0
DA:25,0
DA:26,0
DA:34,0
DA:35,0
DA:37,0
DA:38,0
DA:46,0
DA:47,0
DA:49,0
DA:50,0
DA:59,0
DA:64,0
DA:65,0
LF:22
LH:0
BRF:0
BRH:0
end_of_record
TN:
SF:/home/jomondo/vue.js/vue/src/store/settings.module.js
FN:13,(anonymous_0)
FN:16,(anonymous_1)
FN:22,(anonymous_2)
FN:25,(anonymous_3)
FNF:4
FNH:0
FNDA:0,(anonymous_0)
FNDA:0,(anonymous_1)
FNDA:0,(anonymous_2)
FNDA:0,(anonymous_3)
DA:1,0
DA:2,0
DA:3,0
DA:5,0
DA:10,0
DA:12,0
DA:14,0
DA:17,0
DA:21,0
DA:23,0
DA:26,0
DA:32,0
DA:34,0
DA:37,0
LF:14
LH:0
BRF:0
BRH:0
end_of_record
TN:
SF:/home/jomondo/vue.js/vue/src/store/users.module.js
FN:23,(anonymous_0)
FN:27,(anonymous_1)
FN:32,(anonymous_2)
FN:36,(anonymous_3)
FN:41,(anonymous_4)
FN:45,(anonymous_5)
FNF:6
FNH:0
FNDA:0,(anonymous_0)
FNDA:0,(anonymous_1)
FNDA:0,(anonymous_2)
FNDA:0,(anonymous_3)
FNDA:0,(anonymous_4)
FNDA:0,(anonymous_5)
DA:1,0
DA:2,0
DA:4,0
DA:10,0
DA:12,0
DA:15,0
DA:19,0
DA:21,0
DA:22,0
DA:24,0
DA:25,0
DA:30,0
DA:31,0
DA:33,0
DA:34,0
DA:39,0
DA:40,0
DA:42,0
DA:43,0
LF:19
LH:0
BRF:0
BRH:0
end_of_record
TN:
SF:/home/jomondo/vue.js/vue/src/views/Article.vue
FN:79,(anonymous_1)
FNF:1
FNH:0
FNDA:0,(anonymous_1)
DA:55,0
DA:56,0
DA:57,0
DA:58,0
DA:59,0
DA:60,0
DA:61,0
DA:62,0
DA:79,0
DA:83,0
DA:91,0
LF:11
LH:0
BRF:0
BRH:0
end_of_record
TN:
SF:/home/jomondo/vue.js/vue/src/views/ArticleEdit.vue
FN:128,(anonymous_1)
FN:136,(anonymous_2)
FNF:2
FNH:0
FNDA:0,(anonymous_1)
FNDA:0,(anonymous_2)
DA:70,0
DA:71,0
DA:72,0
DA:73,0
DA:94,0
DA:95,0
DA:100,0
DA:101,0
DA:102,0
DA:108,0
DA:111,0
DA:112,0
DA:115,0
DA:126,0
DA:127,0
DA:128,0
DA:131,0
DA:132,0
DA:138,0
DA:139,0
DA:143,0
DA:146,0
DA:147,0
LF:23
LH:0
BRDA:101,0,0,0
BRDA:101,0,1,0
BRDA:126,1,0,0
BRDA:126,1,1,0
BRF:4
BRH:0
end_of_record
TN:
SF:/home/jomondo/vue.js/vue/src/views/Contact.vue
FN:70,(anonymous_1)
FN:76,(anonymous_2)
FNF:2
FNH:0
FNDA:0,(anonymous_1)
FNDA:0,(anonymous_2)
DA:55,0
DA:56,0
DA:61,0
DA:70,0
DA:75,0
DA:76,0
LF:6
LH:0
BRF:0
BRH:0
end_of_record
TN:
SF:/home/jomondo/vue.js/vue/src/views/Home.vue
FNF:0
FNH:0
DA:25,1
DA:26,1
DA:27,1
DA:32,1
LF:4
LH:4
BRF:0
BRH:0
end_of_record
TN:
SF:/home/jomondo/vue.js/vue/src/views/HomeGlobal.vue
FNF:0
FNH:0
DA:5,0
LF:1
LH:0
BRF:0
BRH:0
end_of_record
TN:
SF:/home/jomondo/vue.js/vue/src/views/HomeMyFeed.vue
FNF:0
FNH:0
DA:6,0
LF:1
LH:0
BRF:0
BRH:0
end_of_record
TN:
SF:/home/jomondo/vue.js/vue/src/views/HomeTag.vue
FNF:0
FNH:0
DA:6,0
DA:15,0
LF:2
LH:0
BRF:0
BRH:0
end_of_record
TN:
SF:/home/jomondo/vue.js/vue/src/views/Login.vue
FN:57,(anonymous_1)
FN:63,(anonymous_2)
FNF:2
FNH:0
FNDA:0,(anonymous_1)
FNDA:0,(anonymous_2)
DA:43,0
DA:44,0
DA:49,0
DA:56,0
DA:57,0
DA:63,0
LF:6
LH:0
BRF:0
BRH:0
end_of_record
TN:
SF:/home/jomondo/vue.js/vue/src/views/Profile.vue
FNF:0
FNH:0
DA:76,0
DA:77,0
DA:86,0
DA:93,0
DA:94,0
DA:96,0
DA:99,0
DA:100,0
DA:103,0
DA:108,0
LF:10
LH:0
BRDA:93,0,0,0
BRDA:93,0,1,0
BRDA:93,1,0,0
BRDA:93,1,1,0
BRDA:99,2,0,0
BRDA:99,2,1,0
BRF:6
BRH:0
end_of_record
TN:
SF:/home/jomondo/vue.js/vue/src/views/ProfileArticles.vue
FNF:0
FNH:0
DA:8,0
DA:17,0
LF:2
LH:0
BRF:0
BRH:0
end_of_record
TN:
SF:/home/jomondo/vue.js/vue/src/views/ProfileFavorited.vue
FNF:0
FNH:0
DA:9,0
DA:18,0
LF:2
LH:0
BRF:0
BRH:0
end_of_record
TN:
SF:/home/jomondo/vue.js/vue/src/views/Register.vue
FN:65,(anonymous_1)
FN:71,(anonymous_2)
FNF:2
FNH:0
FNDA:0,(anonymous_1)
FNDA:0,(anonymous_2)
DA:51,0
DA:52,0
DA:57,0
DA:65,0
DA:70,0
DA:71,0
LF:6
LH:0
BRF:0
BRH:0
end_of_record
TN:
SF:/home/jomondo/vue.js/vue/src/views/Settings.vue
FN:76,(anonymous_1)
FN:82,(anonymous_2)
FNF:2
FNH:0
FNDA:0,(anonymous_1)
FNDA:0,(anonymous_2)
DA:66,0
DA:67,0
DA:76,0
DA:78,0
DA:82,0
DA:83,0
LF:6
LH:0
BRF:0
BRH:0
end_of_record
